
*** Running vivado
    with args -log top_bin2bcd.vds -m64 -product Vivado -mode batch -messageDb vivado.pb -notrace -source top_bin2bcd.tcl



****** Vivado v2024.2 (64-bit)
  **** SW Build 5239630 on Fri Nov 08 22:35:27 MST 2024
  **** IP Build 5239520 on Sun Nov 10 16:12:51 MST 2024
  **** SharedData Build 5239561 on Fri Nov 08 14:39:27 MST 2024
  **** Start of session at: Tue Dec 24 09:13:37 2024
    ** Copyright 1986-2022 Xilinx, Inc. All Rights Reserved.
    ** Copyright 2022-2024 Advanced Micro Devices, Inc. All Rights Reserved.

source top_bin2bcd.tcl -notrace
Command: read_checkpoint -auto_incremental -incremental C:/Users/billy/Documents/binTobcd/binTobcd.srcs/utils_1/imports/synth_1/top_bin2bcd.dcp
INFO: [Vivado 12-5825] Read reference checkpoint from C:/Users/billy/Documents/binTobcd/binTobcd.srcs/utils_1/imports/synth_1/top_bin2bcd.dcp for incremental synthesis
INFO: [Vivado 12-7989] Please ensure there are no constraint changes
Command: synth_design -top top_bin2bcd -part xc7a35tcpg236-1
Starting synth_design
Attempting to get a license for feature 'Synthesis' and/or device 'xc7a35t'
INFO: [Common 17-349] Got license for feature 'Synthesis' and/or device 'xc7a35t'
INFO: [Device 21-403] Loading part xc7a35tcpg236-1
INFO: [Designutils 20-5440] No compile time benefit to using incremental synthesis; A full resynthesis will be run
INFO: [Designutils 20-4379] Flow is switching to default flow due to incremental criteria not met. If you would like to alter this behaviour and have the flow terminate instead, please set the following parameter config_implementation {autoIncr.Synth.RejectBehavior Terminate}
INFO: [Synth 8-7079] Multithreading enabled for synth_design using a maximum of 2 processes.
INFO: [Synth 8-7078] Launching helper process for spawning children vivado processes
INFO: [Synth 8-7075] Helper process launched with PID 18940
---------------------------------------------------------------------------------
Starting RTL Elaboration : Time (s): cpu = 00:00:02 ; elapsed = 00:00:05 . Memory (MB): peak = 1028.551 ; gain = 467.598
---------------------------------------------------------------------------------
INFO: [Synth 8-638] synthesizing module 'top_bin2bcd' [C:/Users/billy/Documents/binTobcd/binTobcd.srcs/sources_1/new/top_bin2bcd.vhd:17]
INFO: [Synth 8-3491] module 'gene_1kHz' declared at 'C:/Users/billy/Documents/binTobcd/binTobcd.srcs/sources_1/new/gene_1kHz.vhd:6' bound to instance 'Inst_gene_1kHz' of component 'gene_1kHz' [C:/Users/billy/Documents/binTobcd/binTobcd.srcs/sources_1/new/top_bin2bcd.vhd:79]
INFO: [Synth 8-638] synthesizing module 'gene_1kHz' [C:/Users/billy/Documents/binTobcd/binTobcd.srcs/sources_1/new/gene_1kHz.vhd:15]
INFO: [Synth 8-256] done synthesizing module 'gene_1kHz' (0#1) [C:/Users/billy/Documents/binTobcd/binTobcd.srcs/sources_1/new/gene_1kHz.vhd:15]
INFO: [Synth 8-3491] module 'cpt_mod4' declared at 'C:/Users/billy/Documents/binTobcd/binTobcd.srcs/sources_1/new/cpt_mod4.vhd:6' bound to instance 'Inst_cpt_mod4' of component 'cpt_mod4' [C:/Users/billy/Documents/binTobcd/binTobcd.srcs/sources_1/new/top_bin2bcd.vhd:86]
INFO: [Synth 8-638] synthesizing module 'cpt_mod4' [C:/Users/billy/Documents/binTobcd/binTobcd.srcs/sources_1/new/cpt_mod4.vhd:15]
INFO: [Synth 8-256] done synthesizing module 'cpt_mod4' (0#1) [C:/Users/billy/Documents/binTobcd/binTobcd.srcs/sources_1/new/cpt_mod4.vhd:15]
INFO: [Synth 8-3491] module 'mux2_4bits' declared at 'C:/Users/billy/Documents/binTobcd/binTobcd.srcs/sources_1/new/mux2_4bits.vhd:4' bound to instance 'Inst_mux2_4bits' of component 'mux2_4bits' [C:/Users/billy/Documents/binTobcd/binTobcd.srcs/sources_1/new/top_bin2bcd.vhd:93]
INFO: [Synth 8-638] synthesizing module 'mux2_4bits' [C:/Users/billy/Documents/binTobcd/binTobcd.srcs/sources_1/new/mux2_4bits.vhd:14]
INFO: [Synth 8-256] done synthesizing module 'mux2_4bits' (0#1) [C:/Users/billy/Documents/binTobcd/binTobcd.srcs/sources_1/new/mux2_4bits.vhd:14]
INFO: [Synth 8-3491] module 'hex2seg_dp' declared at 'C:/Users/billy/Documents/binTobcd/binTobcd.srcs/sources_1/new/hex2seg_dp.vhd:4' bound to instance 'Inst_hex2seg_dp' of component 'hex2seg_dp' [C:/Users/billy/Documents/binTobcd/binTobcd.srcs/sources_1/new/top_bin2bcd.vhd:102]
INFO: [Synth 8-638] synthesizing module 'hex2seg_dp' [C:/Users/billy/Documents/binTobcd/binTobcd.srcs/sources_1/new/hex2seg_dp.vhd:13]
INFO: [Synth 8-256] done synthesizing module 'hex2seg_dp' (0#1) [C:/Users/billy/Documents/binTobcd/binTobcd.srcs/sources_1/new/hex2seg_dp.vhd:13]
INFO: [Synth 8-3491] module 'fsm_bin2bcd' declared at 'C:/Users/billy/Documents/binTobcd/binTobcd.srcs/sources_1/new/fsm_bin2bcd.vhd:5' bound to instance 'Inst_fsm_bin2bcd' of component 'fsm_bin2bcd' [C:/Users/billy/Documents/binTobcd/binTobcd.srcs/sources_1/new/top_bin2bcd.vhd:109]
INFO: [Synth 8-638] synthesizing module 'fsm_bin2bcd' [C:/Users/billy/Documents/binTobcd/binTobcd.srcs/sources_1/new/fsm_bin2bcd.vhd:16]
INFO: [Synth 8-256] done synthesizing module 'fsm_bin2bcd' (0#1) [C:/Users/billy/Documents/binTobcd/binTobcd.srcs/sources_1/new/fsm_bin2bcd.vhd:16]
INFO: [Synth 8-256] done synthesizing module 'top_bin2bcd' (0#1) [C:/Users/billy/Documents/binTobcd/binTobcd.srcs/sources_1/new/top_bin2bcd.vhd:17]
---------------------------------------------------------------------------------
Finished RTL Elaboration : Time (s): cpu = 00:00:03 ; elapsed = 00:00:06 . Memory (MB): peak = 1135.285 ; gain = 574.332
---------------------------------------------------------------------------------
---------------------------------------------------------------------------------
Start Handling Custom Attributes
---------------------------------------------------------------------------------
---------------------------------------------------------------------------------
Finished Handling Custom Attributes : Time (s): cpu = 00:00:03 ; elapsed = 00:00:06 . Memory (MB): peak = 1135.285 ; gain = 574.332
---------------------------------------------------------------------------------
---------------------------------------------------------------------------------
Finished RTL Optimization Phase 1 : Time (s): cpu = 00:00:03 ; elapsed = 00:00:06 . Memory (MB): peak = 1135.285 ; gain = 574.332
---------------------------------------------------------------------------------
Netlist sorting complete. Time (s): cpu = 00:00:00 ; elapsed = 00:00:00.001 . Memory (MB): peak = 1135.285 ; gain = 0.000
INFO: [Project 1-570] Preparing netlist for logic optimization

Processing XDC Constraints
Initializing timing engine
Parsing XDC File [C:/Users/billy/Documents/binTobcd/binTobcd.srcs/constrs_1/new/bin2bcd.xdc]
Finished Parsing XDC File [C:/Users/billy/Documents/binTobcd/binTobcd.srcs/constrs_1/new/bin2bcd.xdc]
INFO: [Project 1-236] Implementation specific constraints were found while reading constraint file [C:/Users/billy/Documents/binTobcd/binTobcd.srcs/constrs_1/new/bin2bcd.xdc]. These constraints will be ignored for synthesis but will be used in implementation. Impacted constraints are listed in the file [.Xil/top_bin2bcd_propImpl.xdc].
Resolution: To avoid this warning, move constraints listed in [.Xil/top_bin2bcd_propImpl.xdc] to another XDC file and exclude this new file from synthesis with the used_in_synthesis property (File Properties dialog in GUI) and re-run elaboration/synthesis.
Completed Processing XDC Constraints

Netlist sorting complete. Time (s): cpu = 00:00:00 ; elapsed = 00:00:00 . Memory (MB): peak = 1210.520 ; gain = 0.000
INFO: [Project 1-111] Unisim Transformation Summary:
No Unisim elements were transformed.

Constraint Validation Runtime : Time (s): cpu = 00:00:00 ; elapsed = 00:00:00.002 . Memory (MB): peak = 1210.520 ; gain = 0.000
INFO: [Designutils 20-5440] No compile time benefit to using incremental synthesis; A full resynthesis will be run
INFO: [Designutils 20-4379] Flow is switching to default flow due to incremental criteria not met. If you would like to alter this behaviour and have the flow terminate instead, please set the following parameter config_implementation {autoIncr.Synth.RejectBehavior Terminate}
---------------------------------------------------------------------------------
Finished Constraint Validation : Time (s): cpu = 00:00:05 ; elapsed = 00:00:12 . Memory (MB): peak = 1210.520 ; gain = 649.566
---------------------------------------------------------------------------------
---------------------------------------------------------------------------------
Start Loading Part and Timing Information
---------------------------------------------------------------------------------
Loading part: xc7a35tcpg236-1
---------------------------------------------------------------------------------
Finished Loading Part and Timing Information : Time (s): cpu = 00:00:05 ; elapsed = 00:00:12 . Memory (MB): peak = 1210.520 ; gain = 649.566
---------------------------------------------------------------------------------
---------------------------------------------------------------------------------
Start Applying 'set_property' XDC Constraints
---------------------------------------------------------------------------------
---------------------------------------------------------------------------------
Finished applying 'set_property' XDC Constraints : Time (s): cpu = 00:00:05 ; elapsed = 00:00:12 . Memory (MB): peak = 1210.520 ; gain = 649.566
---------------------------------------------------------------------------------
INFO: [Synth 8-802] inferred FSM for state register 'state_reg' in module 'fsm_bin2bcd'
---------------------------------------------------------------------------------------------------
                   State |                     New Encoding |                Previous Encoding 
---------------------------------------------------------------------------------------------------
                   start |                              001 |                               00
                   shift |                              010 |                               01
                    done |                              100 |                               10
---------------------------------------------------------------------------------------------------
INFO: [Synth 8-3354] encoded FSM with state register 'state_reg' using encoding 'one-hot' in module 'fsm_bin2bcd'
---------------------------------------------------------------------------------
Finished RTL Optimization Phase 2 : Time (s): cpu = 00:00:05 ; elapsed = 00:00:12 . Memory (MB): peak = 1210.520 ; gain = 649.566
---------------------------------------------------------------------------------
---------------------------------------------------------------------------------
Start RTL Component Statistics 
---------------------------------------------------------------------------------
Detailed RTL Component Info : 
+---Adders : 
	   2 Input   17 Bit       Adders := 1     
	   2 Input    4 Bit       Adders := 3     
	   2 Input    3 Bit       Adders := 1     
	   2 Input    2 Bit       Adders := 1     
+---Registers : 
	               17 Bit    Registers := 1     
	               12 Bit    Registers := 2     
	                8 Bit    Registers := 1     
	                4 Bit    Registers := 1     
	                2 Bit    Registers := 1     
	                1 Bit    Registers := 1     
+---Muxes : 
	   2 Input   17 Bit        Muxes := 2     
	   3 Input   12 Bit        Muxes := 1     
	   3 Input    8 Bit        Muxes := 1     
	   4 Input    4 Bit        Muxes := 2     
	   3 Input    4 Bit        Muxes := 1     
	   2 Input    2 Bit        Muxes := 2     
	   2 Input    1 Bit        Muxes := 4     
	   3 Input    1 Bit        Muxes := 2     
---------------------------------------------------------------------------------
Finished RTL Component Statistics 
---------------------------------------------------------------------------------
---------------------------------------------------------------------------------
Start Part Resource Summary
---------------------------------------------------------------------------------
Part Resources:
DSPs: 90 (col length:60)
BRAMs: 100 (col length: RAMB18 60 RAMB36 30)
---------------------------------------------------------------------------------
Finished Part Resource Summary
---------------------------------------------------------------------------------
---------------------------------------------------------------------------------
Start Cross Boundary and Area Optimization
---------------------------------------------------------------------------------
WARNING: [Synth 8-7080] Parallel synthesis criteria is not met
---------------------------------------------------------------------------------
Finished Cross Boundary and Area Optimization : Time (s): cpu = 00:00:06 ; elapsed = 00:00:14 . Memory (MB): peak = 1210.520 ; gain = 649.566
---------------------------------------------------------------------------------
---------------------------------------------------------------------------------
Start Applying XDC Timing Constraints
---------------------------------------------------------------------------------
---------------------------------------------------------------------------------
Finished Applying XDC Timing Constraints : Time (s): cpu = 00:00:08 ; elapsed = 00:00:18 . Memory (MB): peak = 1333.504 ; gain = 772.551
---------------------------------------------------------------------------------
---------------------------------------------------------------------------------
Start Timing Optimization
---------------------------------------------------------------------------------
---------------------------------------------------------------------------------
Finished Timing Optimization : Time (s): cpu = 00:00:08 ; elapsed = 00:00:18 . Memory (MB): peak = 1363.234 ; gain = 802.281
---------------------------------------------------------------------------------
---------------------------------------------------------------------------------
Start Technology Mapping
---------------------------------------------------------------------------------
---------------------------------------------------------------------------------
Finished Technology Mapping : Time (s): cpu = 00:00:08 ; elapsed = 00:00:18 . Memory (MB): peak = 1363.234 ; gain = 802.281
---------------------------------------------------------------------------------
---------------------------------------------------------------------------------
Start IO Insertion
---------------------------------------------------------------------------------
---------------------------------------------------------------------------------
Start Flattening Before IO Insertion
---------------------------------------------------------------------------------
---------------------------------------------------------------------------------
Finished Flattening Before IO Insertion
---------------------------------------------------------------------------------
---------------------------------------------------------------------------------
Start Final Netlist Cleanup
---------------------------------------------------------------------------------
---------------------------------------------------------------------------------
Finished Final Netlist Cleanup
---------------------------------------------------------------------------------
---------------------------------------------------------------------------------
Finished IO Insertion : Time (s): cpu = 00:00:09 ; elapsed = 00:00:22 . Memory (MB): peak = 1560.520 ; gain = 999.566
---------------------------------------------------------------------------------
---------------------------------------------------------------------------------
Start Renaming Generated Instances
---------------------------------------------------------------------------------
---------------------------------------------------------------------------------
Finished Renaming Generated Instances : Time (s): cpu = 00:00:09 ; elapsed = 00:00:22 . Memory (MB): peak = 1560.520 ; gain = 999.566
---------------------------------------------------------------------------------
---------------------------------------------------------------------------------
Start Rebuilding User Hierarchy
---------------------------------------------------------------------------------
---------------------------------------------------------------------------------
Finished Rebuilding User Hierarchy : Time (s): cpu = 00:00:09 ; elapsed = 00:00:22 . Memory (MB): peak = 1560.520 ; gain = 999.566
---------------------------------------------------------------------------------
---------------------------------------------------------------------------------
Start Renaming Generated Ports
---------------------------------------------------------------------------------
---------------------------------------------------------------------------------
Finished Renaming Generated Ports : Time (s): cpu = 00:00:09 ; elapsed = 00:00:22 . Memory (MB): peak = 1560.520 ; gain = 999.566
---------------------------------------------------------------------------------
---------------------------------------------------------------------------------
Start Handling Custom Attributes
---------------------------------------------------------------------------------
---------------------------------------------------------------------------------
Finished Handling Custom Attributes : Time (s): cpu = 00:00:09 ; elapsed = 00:00:22 . Memory (MB): peak = 1560.520 ; gain = 999.566
---------------------------------------------------------------------------------
---------------------------------------------------------------------------------
Start Renaming Generated Nets
---------------------------------------------------------------------------------
---------------------------------------------------------------------------------
Finished Renaming Generated Nets : Time (s): cpu = 00:00:09 ; elapsed = 00:00:22 . Memory (MB): peak = 1560.520 ; gain = 999.566
---------------------------------------------------------------------------------
---------------------------------------------------------------------------------
Start Writing Synthesis Report
---------------------------------------------------------------------------------

Report BlackBoxes: 
+-+--------------+----------+
| |BlackBox name |Instances |
+-+--------------+----------+
+-+--------------+----------+

Report Cell Usage: 
+------+-------+------+
|      |Cell   |Count |
+------+-------+------+
|1     |BUFG   |     1|
|2     |CARRY4 |     4|
|3     |LUT1   |     1|
|4     |LUT2   |     7|
|5     |LUT3   |     2|
|6     |LUT4   |    22|
|7     |LUT5   |    25|
|8     |LUT6   |    11|
|9     |FDRE   |    59|
|10    |IBUF   |    11|
|11    |OBUF   |    11|
+------+-------+------+
---------------------------------------------------------------------------------
Finished Writing Synthesis Report : Time (s): cpu = 00:00:09 ; elapsed = 00:00:22 . Memory (MB): peak = 1560.520 ; gain = 999.566
---------------------------------------------------------------------------------
Synthesis finished with 0 errors, 0 critical warnings and 1 warnings.
Synthesis Optimization Runtime : Time (s): cpu = 00:00:06 ; elapsed = 00:00:21 . Memory (MB): peak = 1560.520 ; gain = 924.332
Synthesis Optimization Complete : Time (s): cpu = 00:00:09 ; elapsed = 00:00:22 . Memory (MB): peak = 1560.520 ; gain = 999.566
INFO: [Project 1-571] Translating synthesized netlist
Netlist sorting complete. Time (s): cpu = 00:00:00 ; elapsed = 00:00:00.001 . Memory (MB): peak = 1564.789 ; gain = 0.000
INFO: [Netlist 29-17] Analyzing 4 Unisim elements for replacement
INFO: [Netlist 29-28] Unisim Transformation completed in 0 CPU seconds
INFO: [Project 1-570] Preparing netlist for logic optimization
INFO: [Opt 31-138] Pushed 0 inverter(s) to 0 load pin(s).
Netlist sorting complete. Time (s): cpu = 00:00:00 ; elapsed = 00:00:00 . Memory (MB): peak = 1567.520 ; gain = 0.000
INFO: [Project 1-111] Unisim Transformation Summary:
No Unisim elements were transformed.

Synth Design complete | Checksum: c1d9f6e4
INFO: [Common 17-83] Releasing license: Synthesis
40 Infos, 1 Warnings, 0 Critical Warnings and 0 Errors encountered.
synth_design completed successfully
synth_design: Time (s): cpu = 00:00:09 ; elapsed = 00:00:27 . Memory (MB): peak = 1567.520 ; gain = 1197.215
Write ShapeDB Complete: Time (s): cpu = 00:00:00 ; elapsed = 00:00:00.001 . Memory (MB): peak = 1567.520 ; gain = 0.000
INFO: [Common 17-1381] The checkpoint 'C:/Users/billy/Documents/binTobcd/binTobcd.runs/synth_1/top_bin2bcd.dcp' has been generated.
INFO: [Vivado 12-24828] Executing command : report_utilization -file top_bin2bcd_utilization_synth.rpt -pb top_bin2bcd_utilization_synth.pb
INFO: [Common 17-206] Exiting Vivado at Tue Dec 24 09:14:08 2024...
